"../../../Engine/Content/BufferVisualization/SeparateTranslucencyA.uasset" 0
"../../../Engine/Content/BufferVisualization/SeparateTranslucencyRGB.uasset" 1
"../../../Engine/Content/BufferVisualization/Specular.uasset" 2
"../../../Engine/Content/BufferVisualization/SubsurfaceColor.uasset" 3
"../../../Engine/Content/BufferVisualization/WorldNormal.uasset" 4
"../../../Engine/Content/EditorLandscapeResources/DataLayer.uasset" 5
"../../../Engine/Content/EditorLandscapeResources/DefaultAlphaTexture.uasset" 6
"../../../Engine/Content/EditorLandscapeResources/LandscapeGizmoHeight_Mat.uasset" 7
"../../../Engine/Content/EditorLandscapeResources/LandscapeGizmo_Mat.uasset" 8
"../../../Engine/Content/EditorLandscapeResources/LandscapeGizmo_Mat_Copied.uasset" 9
"../../../Engine/Content/EditorLandscapeResources/SplineEditorMeshMat.uasset" 10
"../../../Engine/Content/EditorLandscapeResources/SplineEditorMesh.uasset" 11
"../../../Engine/Content/EditorMaterials/Cross.uasset" 12
"../../../Engine/Content/EditorMaterials/Cross_Mat.uasset" 13
"../../../Engine/Content/EditorMaterials/GizmoMaterial.uasset" 14
"../../../Engine/Content/Functions/Engine_MaterialFunctions02/Utility/Sign.uasset" 15
"../../../Engine/Content/Functions/Engine_MaterialFunctions02/Utility/Round.uasset" 16
"../../../Engine/Content/Functions/Engine_MaterialFunctions02/ExampleContent/Textures/flipbook.uasset" 17
"../../../Engine/Content/Functions/Engine_MaterialFunctions02/Texturing/FlipBook.uasset" 18
"../../../Engine/Content/EditorResources/T_EditorHelp.uasset" 19
"../../../Engine/Content/EditorMaterials/HelpActorMaterial.uasset" 20
"../../../Engine/Content/EditorMaterials/CompositeARGBLayer.uasset" 21
"../../../Engine/Content/EditorMaterials/TilingAALineIntegral.uasset" 22
"../../../Engine/Content/EditorMaterials/TilingAALineBoxFiltered.uasset" 23
"../../../Engine/Content/Functions/Engine_MaterialFunctions03/Procedurals/ComputeFilterWidth.uasset" 24
"../../../Engine/Content/EditorMaterials/TilingAADots.uasset" 25
"../../../Engine/Content/EditorMaterials/Cascade/CASC_Cross.uasset" 26
"../../../Engine/Content/EditorMaterials/Cascade/CASC_None.uasset" 27
"../../../Engine/Content/Functions/Engine_MaterialFunctions03/Blends/Blend_Screen.uasset" 28
"../../../Engine/Content/EditorMaterials/TilingAAGrid.uasset" 29
"../../../Engine/Content/EditorMaterials/LevelGridMaterial.uasset" 30
"../../../Engine/Content/EditorMaterials/MakeCompositeARGBLayer.uasset" 31
"../../../Engine/Content/EditorResources/LevelGrid1DStripes.uasset" 32
"../../../Engine/Content/EditorMaterials/TextureGridCascaded1D.uasset" 33
"../../../Engine/Content/EditorMaterials/TextureGridCascaded2D.uasset" 34
"../../../Engine/Content/EditorMaterials/LevelGridMaterial2.uasset" 35
"../../../Engine/Content/EditorMaterials/MAT_Groups_Toggle.uasset" 36
"../../../Engine/Content/EditorMaterials/MAT_Groups_Visibility.uasset" 37
"../../../Engine/Content/EditorMaterials/AntialiasedGridFloor.uasset" 38
"../../../Engine/Content/EditorResources/TilePatine_D.uasset" 39
"../../../Engine/Content/EditorResources/TilePatine_N.uasset" 40
"../../../Engine/Content/EngineMaterials/Grid.uasset" 41
"../../../Engine/Content/EditorMaterials/PersonaFloorMat.uasset" 42
"../../../Engine/Content/EditorMaterials/PhAT_BoneSelectedMaterial.uasset" 43
"../../../Engine/Content/EditorMaterials/PhAT_ElemSelectedMaterial.uasset" 44
"../../../Engine/Content/EditorMaterials/PhAT_NoCollisionMaterial.uasset" 45
"../../../Engine/Content/EditorMaterials/PhAT_UnselectedMaterial.uasset" 46
"../../../Engine/Content/EditorMaterials/PreviewShadowIndicator.uasset" 47
"../../../Engine/Content/EditorMaterials/PreviewShadowIndicatorMaterial.uasset" 48
"../../../Engine/Content/EditorMaterials/TargetIcon.uasset" 49
"../../../Engine/Content/EditorMaterials/Tick.uasset" 50
"../../../Engine/Content/EditorMaterials/Tick_Mat.uasset" 51
"../../../Engine/Content/EditorMaterials/WidgetGridVertexColorMaterial.uasset" 52
"../../../Engine/Content/EditorMaterials/WidgetGridVertexColorMaterial_Ma.uasset" 53
"../../../Engine/Content/EditorMaterials/WidgetMaterial.uasset" 54
"../../../Engine/Content/EditorMaterials/WidgetMaterial_Current.uasset" 55
"../../../Engine/Content/EditorMaterials/WidgetMaterial_X.uasset" 56
"../../../Engine/Content/EditorMaterials/WidgetMaterial_Y.uasset" 57
"../../../Engine/Content/EditorMaterials/WidgetMaterial_Z.uasset" 58
"../../../Engine/Content/EditorMaterials/WidgetVertexColorMaterial.uasset" 59
"../../../Engine/Content/EditorMaterials/MatineeGroups/MAT_ColorTrack.uasset" 60
"../../../Engine/Content/EditorMaterials/MatineeGroups/MAT_Groups_Anim.uasset" 61
"../../../Engine/Content/EditorMaterials/MatineeGroups/MAT_Groups_AudioMaster.uasset" 62
"../../../Engine/Content/EditorMaterials/MatineeGroups/MAT_Groups_Director.uasset" 63
"../../../Engine/Content/EditorMaterials/MatineeGroups/MAT_Groups_Event.uasset" 64
"../../../Engine/Content/EditorMaterials/MatineeGroups/MAT_Groups_Fade.uasset" 65
"../../../Engine/Content/EditorMaterials/MatineeGroups/MAT_Groups_Float.uasset" 66
"../../../Engine/Content/EditorMaterials/MatineeGroups/MAT_Groups_Move.uasset" 67
"../../../Engine/Content/EditorMaterials/MatineeGroups/MAT_Groups_Slomo.uasset" 68
"../../../Engine/Content/EditorMaterials/MatineeGroups/MAT_Groups_Sound.uasset" 69
"../../../Engine/Content/EditorMaterials/MatineeGroups/MAT_Groups_Vector.uasset" 70
"../../../Engine/Content/EditorMaterials/ParticleSystems/PSysThumbnail_NoImage.uasset" 71
"../../../Engine/Content/EditorMaterials/ParticleSystems/PSysThumbnail_OOD.uasset" 72
"../../../Engine/Content/EditorMaterials/Thumbnails/FloorPlaneMaterial.uasset" 73
"../../../Engine/Content/EditorMeshes/EditorCube.uasset" 74
"../../../Engine/Content/EditorMeshes/EditorCylinder.uasset" 75
"../../../Engine/Content/EditorMeshes/EditorPlane.uasset" 76
"../../../Engine/Content/EditorMaterials/Thumbnails/SkySphereMaterial.uasset" 77
"../../../Engine/Content/EditorMeshes/EditorSkySphere.uasset" 78
"../../../Engine/Content/EditorMeshes/EditorSphere.uasset" 79
"../../../Engine/Content/EditorResources/MatineeCam_D.uasset" 80
"../../../Engine/Content/EditorMaterials/MatineeCam_mat.uasset" 81
"../../../Engine/Content/EditorMeshes/MatineeCam_SM.uasset" 82
"../../../Engine/Content/Functions/Engine_MaterialFunctions01/Shading/ConvertFromDiffSpec.uasset" 83
"../../../Engine/Content/EditorMaterials/GridMaterial.uasset" 84
"../../../Engine/Content/EditorMeshes/PhAT_FloorBox.uasset" 85
"../../../Engine/Content/EditorMaterials/Camera/CineMat.uasset" 86
"../../../Engine/Content/EditorMaterials/Camera/MI_CineMat_CameraBody.uasset" 87
"../../../Engine/Content/EngineDebugMaterials/M_SimpleOpaque.uasset" 88
"../../../Engine/Content/EditorMaterials/Camera/MI_CineMat_CamViewFinder.uasset" 89
"../../../Engine/Content/EditorMeshes/Camera/SM_CineCam.uasset" 90
"../../../Engine/Content/EditorMaterials/Camera/MI_CineMat_Rig.uasset" 91
"../../../Engine/Content/EditorMeshes/Camera/SM_CraneRig_Arm.uasset" 92
"../../../Engine/Content/EditorMeshes/Camera/SM_CraneRig_Base.uasset" 93
"../../../Engine/Content/EditorMeshes/Camera/SM_CraneRig_Body.uasset" 94
"../../../Engine/Content/EditorMeshes/Camera/SM_CraneRig_Mount.uasset" 95
"../../../Engine/Content/EditorMeshes/Camera/SM_RailRig_Mount.uasset" 96
"../../../Engine/Content/EditorMeshes/Camera/SM_RailRig_Track.uasset" 97
"../../../Engine/Content/EditorMeshes/ColorCalibrator/M_ChromeBall.uasset" 98
"../../../Engine/Content/EditorMeshes/ColorCalibrator/M_ClearCoat.uasset" 99
"../../../Engine/Content/EditorMeshes/ColorCalibrator/M_ClearCoatBlack.uasset" 100
"../../../Engine/Content/EditorMeshes/ColorCalibrator/Color_checker.uasset" 101
"../../../Engine/Content/EditorMeshes/ColorCalibrator/M_ColorGrid.uasset" 102
"../../../Engine/Content/EditorMeshes/ColorCalibrator/M_GreyBall.uasset" 103
"../../../Engine/Content/EditorMeshes/ColorCalibrator/SM_ColorCalibrator.uasset" 104
"../../../Engine/Content/EditorResources/Bad.uasset" 105
"../../../Engine/Content/EditorResources/BSPVertex.uasset" 106
"../../../Engine/Content/EditorResources/EmptyActor.uasset" 107
"../../../Engine/Content/EditorResources/MatInstActSprite.uasset" 108
"../../../Engine/Content/EditorResources/SceneManager.uasset" 109
"../../../Engine/Content/EditorResources/SmallFont.uasset" 110
"../../../Engine/Content/EditorResources/S_Actor.uasset" 111
"../../../Engine/Content/EditorResources/S_DecalActorIcon.uasset" 112
"../../../Engine/Content/EditorResources/S_Emitter.uasset" 113
"../../../Engine/Content/EditorResources/S_ExpoHeightFog.uasset" 114
"../../../Engine/Content/EditorResources/S_FTest.uasset" 115
"../../../Engine/Content/EditorResources/S_KBSJoint.uasset" 116
"../../../Engine/Content/EditorResources/S_KHinge.uasset" 117
"../../../Engine/Content/EditorResources/S_KPrismatic.uasset" 118
"../../../Engine/Content/EditorResources/S_LevelSequence.uasset" 119
"../../../Engine/Content/EditorResources/S_NavP.uasset" 120
"../../../Engine/Content/EditorResources/S_Note.uasset" 121
"../../../Engine/Content/EditorResources/S_Player.uasset" 122
"../../../Engine/Content/EditorResources/S_PortalActorIcon2.uasset" 123
"../../../Engine/Content/EditorResources/S_RadForce.uasset" 124
"../../../Engine/Content/EditorResources/S_ReflActorIcon.uasset" 125
"../../../Engine/Content/EditorResources/S_Terrain.uasset" 126
"../../../Engine/Content/EditorResources/S_TextRenderActorIcon.uasset" 127
"../../../Engine/Content/EditorResources/S_Thruster.uasset" 128
"../../../Engine/Content/EditorResources/S_Trigger.uasset" 129
"../../../Engine/Content/EditorResources/S_VectorFieldVol.uasset" 130
"../../../Engine/Content/EditorResources/S_WindDirectional.uasset" 131
"../../../Engine/Content/EditorResources/AI/S_NavLink.uasset" 132
"../../../Engine/Content/EditorResources/AudioIcons/S_AudioComponent_AutoActivate.uasset" 133
"../../../Engine/Content/EditorResources/LightIcons/SkyLight.uasset" 134
"../../../Engine/Content/EditorResources/LightIcons/S_LightDirectional.uasset" 135
"../../../Engine/Content/EditorResources/LightIcons/S_LightDirectionalMove.uasset" 136
"../../../Engine/Content/EditorResources/LightIcons/S_LightError.uasset" 137
"../../../Engine/Content/EditorResources/LightIcons/S_LightPoint.uasset" 138
"../../../Engine/Content/EditorResources/LightIcons/S_LightPointMove.uasset" 139
"../../../Engine/Content/EditorResources/LightIcons/S_LightSpot.uasset" 140
"../../../Engine/Content/EditorResources/LightIcons/S_LightSpotMove.uasset" 141
"../../../Engine/Content/EditorResources/SequenceRecorder/Countdown.uasset" 142
"../../../Engine/Content/EditorResources/SequenceRecorder/RecordingIndicator.uasset" 143
"../../../Engine/Content/EditorResources/Spline/T_Loft_Spline.uasset" 144
"../../../Engine/Content/EditorSounds/Notifications/CompileFailed.uasset" 145
"../../../Engine/Content/EditorSounds/Notifications/CompileFailed_Cue.uasset" 146
"../../../Engine/Content/EditorSounds/Notifications/CompileSuccess.uasset" 147
"../../../Engine/Content/EditorSounds/Notifications/CompileStart_Cue.uasset" 148
"../../../Engine/Content/EditorSounds/Notifications/CompileSuccess_Cue.uasset" 149
"../../../Engine/Content/EngineDamageTypes/DmgTypeBP_Environmental.uasset" 150
"../../../Engine/Content/EngineDebugMaterials/HeatmapGradient.uasset" 151
"../../../Engine/Content/EngineDebugMaterials/BoneWeightMaterial.uasset" 152
"../../../Engine/Content/EngineDebugMaterials/ClothMaterial.uasset" 153
"../../../Engine/Content/EngineDebugMaterials/ClothMaterial_WF.uasset" 154
"../../../Engine/Content/EngineDebugMaterials/DebugEditorMaterial.uasset" 155
"../../../Engine/Content/EngineDebugMaterials/DebugMeshMaterial.uasset" 156
"../../../Engine/Content/EngineDebugMaterials/GeomMaterial.uasset" 157
"../../../Engine/Content/EngineDebugMaterials/LevelColorationLitMaterial.uasset" 158
"../../../Engine/Content/EngineDebugMaterials/LevelColorationUnlitMaterial.uasset" 159
"../../../Engine/Content/EngineMaterials/DefaultWhiteGrid.uasset" 160
"../../../Engine/Content/EngineDebugMaterials/MAT_LevelColorationLitLightmapUV.uasset" 161
"../../../Engine/Content/EngineDebugMaterials/M_SimpleTranslucent.uasset" 162
"../../../Engine/Content/EngineDebugMaterials/ShadedLevelColorationLitMaterial.uasset" 163
"../../../Engine/Content/EngineDebugMaterials/ShadedLevelColorationUnlitMateri.uasset" 164
"../../../Engine/Content/EngineDebugMaterials/VertexColorMaterial.uasset" 165
"../../../Engine/Content/EngineDebugMaterials/VertexColorViewMode_AlphaAsColor.uasset" 166
"../../../Engine/Content/EngineDebugMaterials/VertexColorViewMode_BlueOnly.uasset" 167
"../../../Engine/Content/EngineDebugMaterials/VertexColorViewMode_ColorOnly.uasset" 168
"../../../Engine/Content/EngineDebugMaterials/VertexColorViewMode_GreenOnly.uasset" 169
"../../../Engine/Content/EngineDebugMaterials/VertexColorViewMode_RedOnly.uasset" 170
"../../../Engine/Content/EngineDebugMaterials/WireframeMaterial.uasset" 171
"../../../Engine/Content/EngineFonts/Faces/RobotoBold.uasset" 172
"../../../Engine/Content/EngineFonts/Faces/RobotoBoldItalic.uasset" 173
"../../../Engine/Content/EngineFonts/Faces/RobotoItalic.uasset" 174
"../../../Engine/Content/EngineFonts/Faces/RobotoLight.uasset" 175
"../../../Engine/Content/EngineFonts/Faces/RobotoRegular.uasset" 176
"../../../Engine/Content/EngineFonts/Roboto.uasset" 177
"../../../Engine/Content/EngineFonts/Faces/RobotoTiny.uasset" 178
"../../../Engine/Content/EngineFonts/RobotoTiny.uasset" 179
"../../../Engine/Content/EngineFonts/SmallFont.uasset" 180
"../../../Engine/Content/EngineFonts/TinyFont.uasset" 181
"../../../Engine/Content/EngineResources/WhiteSquareTexture.uasset" 182
"../../../Engine/Content/EngineMaterials/BlinkingCaret.uasset" 183
"../../../Engine/Content/EngineMaterials/DefaultBloomKernel.uasset" 184
"../../../Engine/Content/EngineMaterials/DefaultBokeh.uasset" 185
"../../../Engine/Content/EngineMaterials/DefaultDiffuse.uasset" 186
"../../../Engine/Content/EngineMaterials/DefaultDeferredDecalMaterial.uasset" 187
"../../../Engine/Content/EngineMaterials/DefaultLightFunctionMaterial.uasset" 188
"../../../Engine/Content/EngineMaterials/DefaultNormal.uasset" 189
"../../../Engine/Content/Functions/Engine_MaterialFunctions02/Utility/BreakOutFloat2Components.uasset" 190
"../../../Engine/Content/EngineMaterials/DefaultPostProcessMaterial.uasset" 191
"../../../Engine/Content/EngineFonts/RobotoDistanceField.uasset" 192
"../../../Engine/Content/EngineMaterials/DefaultTextMaterialOpaque.uasset" 193
"../../../Engine/Content/EngineMaterials/EditorBrushMaterial.uasset" 194
"../../../Engine/Content/EngineMaterials/Grid_N.uasset" 195
"../../../Engine/Content/EngineMaterials/HighResolutionScreenshotMaskFunction.uasset" 196
"../../../Engine/Content/EngineMaterials/HighResScreenshot.uasset" 197
"../../../Engine/Content/EngineMaterials/HighResScreenshotCaptureRegion.uasset" 198
"../../../Engine/Content/EngineMaterials/HighResScreenshotMask.uasset" 199
"../../../Engine/Content/EngineMaterials/LandscapeHolePhysicalMaterial.uasset" 200
"../../../Engine/Content/EngineMaterials/InvalidLightmapSettings.uasset" 201
"../../../Engine/Content/EngineMaterials/M_InvalidLightmapSettings.uasset" 202
"../../../Engine/Content/EngineMaterials/PaperDiffuse.uasset" 203
"../../../Engine/Content/EngineMaterials/PaperNormal.uasset" 204
"../../../Engine/Content/Functions/Engine_MaterialFunctions02/WorldPositionOffset/CameraOffset.uasset" 205
"../../../Engine/Content/EngineMaterials/PhAT_JointLimitMaterial.uasset" 206
"../../../Engine/Content/EngineMaterials/PhysMat_Rubber.uasset" 207
"../../../Engine/Content/EngineMaterials/PreintegratedSkinBRDF.uasset" 208
"../../../Engine/Content/EngineMaterials/RemoveSurfaceMaterial.uasset" 209
"../../../Engine/Content/EngineMaterials/WeightMapPlaceholderTexture.uasset" 210
"../../../Engine/Content/EngineMaterials/Widget3DPassThrough.uasset" 211
"../../../Engine/Content/EngineMaterials/Widget3DPassThrough_Opaque.uasset" 212
"../../../Engine/Content/EngineMaterials/Widget3DPassThrough_Masked_OneSided.uasset" 213
"../../../Engine/Content/EngineMaterials/Widget3DPassThrough_Opaque_OneSided.uasset" 214
"../../../Engine/Content/EngineMaterials/Widget3DPassThrough_Translucent.uasset" 215
"../../../Engine/Content/EngineMaterials/Widget3DPassThrough_Translucent_OneSided.uasset" 216
"../../../Engine/Content/Functions/Engine_MaterialFunctions01/Opacity/CameraDepthFade.uasset" 217
"../../../Engine/Content/EngineMaterials/T_Default_Material_Grid_M.uasset" 218
"../../../Engine/Content/EngineMaterials/T_Default_Material_Grid_N.uasset" 219
"../../../Engine/Content/EngineMaterials/DefaultMaterial.uasset" 220
"../../../Engine/Content/EngineMeshes/Cube.uasset" 221
"../../../Engine/Content/EngineMeshes/Cylinder.uasset" 222
"../../../Engine/Content/EngineMeshes/Sphere.uasset" 223
"../../../Engine/Content/EngineResources/DefaultTexture.uasset" 224
"../../../Engine/Content/EngineResources/DefaultTextureCube.uasset" 225
"../../../Engine/Content/EngineResources/GradientTexture0.uasset" 226
"../../../Engine/Content/EngineResources/StreamingPauseIcon.uasset" 227
"../../../Engine/Content/EngineResources/M_StreamingPause.uasset" 228
"../../../Engine/Content/EngineSounds/Master.uasset" 229
"../../../Engine/Content/Functions/Engine_MaterialFunctions01/Shading/PowerToRoughness.uasset" 230
"../../../Engine/Content/Maps/Templates/Thumbnails/Default.uasset" 231
"../../../Engine/Content/Maps/Templates/Thumbnails/VR-Basic.uasset" 232
"../../../Engine/Content/MapTemplates/Sky/DaylightAmbientCubemap.uasset" 233
"../../../Engine/Content/MobileResources/T_MobileControls_texture.uasset" 234
"../../../Engine/Content/MobileResources/T_MobileMenu2.uasset" 235
"../../../Engine/Content/MobileResources/HUD/AnalogHat.uasset" 236
"../../../Engine/Content/MobileResources/HUD/VirtualJoystick_Background.uasset" 237
"../../../Engine/Content/MobileResources/HUD/VirtualJoystick_Thumb.uasset" 238
"../../../Engine/Content/MobileResources/HUD/DefaultVirtualJoysticks.uasset" 239
"../../../Engine/Content/MobileResources/HUD/LeftVirtualJoystickOnly.uasset" 240
"../../../Engine/Content/MobileResources/HUD/MobileHUDButton1_off.uasset" 241
"../../../Engine/Content/MobileResources/HUD/MobileHUDButton1_on.uasset" 242
"../../../Engine/Content/MobileResources/HUD/MobileHUDButton2_off.uasset" 243
"../../../Engine/Content/MobileResources/HUD/MobileHUDButton2_on.uasset" 244
"../../../Engine/Content/MobileResources/HUD/MobileHUDButton3.uasset" 245
"../../../Engine/Content/MobileResources/HUD/MobileHUDButtonFire.uasset" 246
"../../../Engine/Content/MobileResources/HUD/MobileHUDDirectionPad.uasset" 247
"../../../Engine/Content/MobileResources/HUD/MobileHUDDirectionPad2.uasset" 248
"../../../Engine/Content/MobileResources/HUD/MobileHUDDirectionPad3.uasset" 249
"../../../Engine/Content/MobileResources/HUD/MobileHUDDirectionStick.uasset" 250
"../../../Engine/Content/MobileResources/HUD/T_Castle_ThumbstickInner.uasset" 251
"../../../Engine/Content/MobileResources/HUD/T_Castle_ThumbstickOutter.uasset" 252
"../../../Engine/Content/Tutorial/ContentIntroCurve.uasset" 253
"../../../Engine/Content/Tutorial/Basics/TutorialAssets/icon_tab_Levels_40x.uasset" 254
"../../../Engine/Content/Tutorial/BlueprintTutorials/TutorialAssets/BlueprintInterface_64x.uasset" 255
"../../../Engine/Content/Tutorial/BlueprintTutorials/TutorialAssets/BlueprintMacroLibrary_64x.uasset" 256
"../../../Engine/Content/Tutorial/BlueprintTutorials/TutorialAssets/Blueprint_64x.uasset" 257
"../../../Engine/Content/Tutorial/BlueprintTutorials/TutorialAssets/Tutorial_BP_Interface.uasset" 258
"../../../Engine/Content/Tutorial/Foliage/TutorialAssets/Foliage.uasset" 259
"../../../Engine/Content/Tutorial/Landscape/TutorialAssets/Landscape.uasset" 260
"../../../Engine/Content/Tutorial/Paper2D/TutorialAssets/Paper2DFlipbook_TutorialIcon.uasset" 261
"../../../Engine/Content/Tutorial/Paper2D/TutorialAssets/Paper2DSprite_TutorialIcon.uasset" 262
"../../../Engine/Content/Tutorial/SubEditors/TutorialAssets/icon_Editor_Preferences_General_40x.uasset" 263
"../../../Engine/Content/Tutorial/SubEditors/TutorialAssets/icon_ShowSkeletalMeshes_40x.uasset" 264
"../../../Engine/Content/Tutorial/SubEditors/TutorialAssets/TutorialMaterial.uasset" 265
"../../../Engine/Content/Tutorial/SubEditors/TutorialAssets/T_SmokeSubUV_8X8.uasset" 266
"../../../Engine/Content/Tutorial/SubEditors/TutorialAssets/T_soft_smoke.uasset" 267
"../../../Engine/Content/Tutorial/SubEditors/TutorialAssets/M_smoke_subUV_blackbody.uasset" 268
"../../../Engine/Content/Tutorial/SubEditors/TutorialAssets/TutorialParticleSystem.uasset" 269
"../../../Engine/Content/VREditor/Devices/Generic/GenericHMDMaterial.uasset" 270
"../../../Engine/Content/VREditor/Devices/Generic/GenericHMD.uasset" 271
"../../../Engine/Content/Functions/Engine_MaterialFunctions02/Utility/BreakOutFloat3Components.uasset" 272
"../../../Engine/Content/VREditor/Devices/Vive/VivePreController_MasksB.uasset" 273
"../../../Engine/Content/VREditor/Devices/Oculus/OculusControllerMaterial.uasset" 274
"../../../Engine/Content/VREditor/Devices/Oculus/OculusControllerMaterial_Inst.uasset" 275
"../../../Engine/Content/VREditor/Devices/Oculus/OculusControllerMesh.uasset" 276
"../../../Engine/Content/VREditor/Devices/Vive/T_VivePreController_EM.uasset" 277
"../../../Engine/Content/VREditor/Devices/Vive/VivePreController_MasksA.uasset" 278
"../../../Engine/Content/VREditor/Devices/Vive/VivePreControllerDiffuse.uasset" 279
"../../../Engine/Content/VREditor/Devices/Vive/VivePreControllerSpec.uasset" 280
"../../../Engine/Content/VREditor/LaserPointer/VR_LaserPower_01.uasset" 281
"../../../Engine/Content/VREditor/Devices/Vive/VivePreControllerMaterial.uasset" 282
"../../../Engine/Content/VREditor/Devices/Vive/VivePreControllerMaterial_Inst.uasset" 283
"../../../Engine/Content/VREditor/Devices/Vive/VivePreControllerMesh.uasset" 284
"../../../Engine/Content/VREditor/FloatingText/LineMaterial.uasset" 285
"../../../Engine/Content/VREditor/FloatingText/JointSphere.uasset" 286
"../../../Engine/Content/VREditor/FloatingText/LineSegmentCylinder.uasset" 287
"../../../Engine/Content/VREditor/Fonts/VRText_RobotoLarge.uasset" 288
"../../../Engine/Content/VREditor/Fonts/VRTextMaterial.uasset" 289
"../../../Engine/Content/VREditor/Fonts/TranslucentVRTextMaterial.uasset" 290
"../../../Engine/Content/EngineMaterials/WorldGridMaterial.uasset" 291
"../../../Engine/Content/VREditor/LaserPointer/CursorPointer.uasset" 292
"../../../Engine/Content/VREditor/TransformGizmo/TransformGizmoMaterial.uasset" 293
"../../../Engine/Content/VREditor/LaserPointer/HoverMaterial.uasset" 294
"../../../Engine/Content/VREditor/TransformGizmo/TranslucentTransformGizmoMaterial.uasset" 295
"../../../Engine/Content/VREditor/LaserPointer/TranslucentHoverMaterial.uasset" 296
"../../../Engine/Content/VREditor/LaserPointer/HoverMesh.uasset" 297
"../../../Engine/Content/VREditor/LaserPointer/LaserPointerMaterial.uasset" 298
"../../../Engine/Content/VREditor/LaserPointer/LaserPointerMaterialInst.uasset" 299
"../../../Engine/Content/VREditor/LaserPointer/TranslucentLaserPointerMaterialInst.uasset" 300
"../../../Engine/Content/VREditor/LaserPointer/LaserPointerMesh.uasset" 301
"../../../Engine/Content/VREditor/LaserPointer/LaserPointerMesh_End.uasset" 302
"../../../Engine/Content/VREditor/LaserPointer/LaserPointerMesh_Start.uasset" 303
"../../../Engine/Content/VREditor/Sounds/VR_teleport.uasset" 304
"../../../Engine/Content/VREditor/Sounds/UI/Click_on_Button.uasset" 305
"../../../Engine/Content/VREditor/Sounds/UI/Click_on_Button_Cue.uasset" 306
"../../../Engine/Content/VREditor/Sounds/UI/Dockable_Window_Close.uasset" 307
"../../../Engine/Content/VREditor/Sounds/UI/Dockable_Window_Drop.uasset" 308
"../../../Engine/Content/VREditor/Sounds/UI/Dockable_Window_Open.uasset" 309
"../../../Engine/Content/VREditor/Sounds/UI/Dockable_Window_Pick_Up.uasset" 310
"../../../Engine/Content/VREditor/Sounds/UI/Drop_Item_From_ContentBrowser.uasset" 311
"../../../Engine/Content/VREditor/Sounds/UI/Floating_UI_Open-001.uasset" 312
"../../../Engine/Content/VREditor/Sounds/UI/Radial_Menu_FadeOut.uasset" 313
"../../../Engine/Content/VREditor/Sounds/UI/Teleport_Mode_Entered.uasset" 314
"../../../Engine/Content/VREditor/Teleport/TeleportDirectionMaterial.uasset" 315
"../../../Engine/Content/VREditor/Teleport/TeleportDirectionMaterial_Inst.uasset" 316
"../../../Engine/Content/VREditor/Teleport/TeleportDirectionMesh.uasset" 317
"../../../Engine/Content/VREditor/TransformGizmo/BoundingBoxCorner.uasset" 318
"../../../Engine/Content/VREditor/TransformGizmo/BoundingBoxEdge.uasset" 319
"../../../Engine/Content/VREditor/TransformGizmo/PlaneTranslationHandle.uasset" 320
"../../../Engine/Content/VREditor/TransformGizmo/Main.uasset" 321
"../../../Engine/Content/VREditor/TransformGizmo/Xray.uasset" 322
"../../../Engine/Content/VREditor/TransformGizmo/SM_Dialog_Close.uasset" 323
"../../../Engine/Content/VREditor/TransformGizmo/SM_Dialog_Move.uasset" 324
"../../../Engine/Content/VREditor/TransformGizmo/SM_Sequencer_Key.uasset" 325
"../../../Engine/Content/VREditor/TransformGizmo/SM_Sequencer_Node.uasset" 326
"../../../Engine/Content/VREditor/TransformGizmo/TransformGizmoMaterial_Inst.uasset" 327
"../../../Engine/Content/VREditor/TransformGizmo/TranslucentTransformGizmoMaterial_Inst.uasset" 328
"../../../Engine/Content/VREditor/Devices/Vive/UE4_Logo.uasset" 329
"../../../Engine/Content/VREditor/UI/M_ContentWindow.uasset" 330
"../../../Engine/Content/VREditor/UI/SM_ContentWindow_01.uasset" 331
"../../../Engine/Content/VREditor/UI/KeyDiskMaterial.uasset" 332
"../../../Engine/Content/VREditor/UI/DiscMaterial.uasset" 333
"../../../Engine/Content/VREditor/UI/SM_Radial_Disk.uasset" 334
"../../../Engine/Content/VREditor/UI/ArrowMaterial.uasset" 335
"../../../Engine/Content/VREditor/UI/SM_Radial_Pointer.uasset" 336
"../../../Engine/Content/Functions/Engine_MaterialFunctions01/Gradient/RadialGradient.uasset" 337
"../../../Engine/Content/VREditor/WorldMovementGrid/SimpleGrid.uasset" 338
"../../../Engine/Content/VREditor/WorldMovementGrid/GridMaterial.uasset" 339
"../../../Engine/Content/Functions/Engine_MaterialFunctions01/Density/ExponentialDensity.uasset" 340
"../../../Engine/Content/VREditor/WorldMovementGrid/GridPostProcess.uasset" 341
"../../../Engine/Content/EditorLandscapeResources/FlattenHeightMat.uasset" 342
"../../../Engine/Content/VREditor/WorldMovementGrid/PlaneMesh.uasset" 343
"C:/Users/Andrew/Documents/Repos/KS2_MultiTest/Content/Bowling/BP/GrabType.uasset" 344
"C:/Users/Andrew/Documents/Repos/KS2_MultiTest/Content/VRExpansion/Vive/DefaultGameplayTags.uasset" 345
"C:/Users/Andrew/Documents/Repos/KS2_MultiTest/Content/VRExpansion/Vive/NewForceFeedbackEffect2.uasset" 346
"C:/Users/Andrew/Documents/Repos/KS2_MultiTest/Content/VRExpansion/Vive/VRGameInstance.uasset" 347
"C:/Users/Andrew/Documents/Repos/KS2_MultiTest/Content/VRExpansion/Vive/VRViewportClass.uasset" 348
"../../../Engine/Content/ArtTools/RenderToTexture/Enums/RenderToTexture_Enum.uasset" 349
"../../../Engine/Content/ArtTools/RenderToTexture/Enums/RenderToTexture_Flipbook_Enum.uasset" 350
"../../../Engine/Content/ArtTools/RenderToTexture/Enums/RenderToTexture_Imposter_Enum.uasset" 351
"../../../Engine/Content/EditorBlueprintResources/StandardMacros.uasset" 352
"../../../Engine/Content/ArtTools/RenderToTexture/Enums/EIntTypes.uasset" 353
"../../../Engine/Content/ArtTools/RenderToTexture/Macros/RenderToTextureFunctionLibrary.uasset" 354
"../../../Engine/Content/ArtTools/RenderToTexture/Enums/EFloatTypes.uasset" 355
"../../../Engine/Content/ArtTools/RenderToTexture/Macros/RenderToTextureMacros.uasset" 356
"../../../Engine/Content/ArtTools/RenderToTexture/Meshes/S_1_Unit_Plane.uasset" 357
"../../../Engine/Content/BasicShapes/Cone.uasset" 358
"../../../Engine/Content/EngineMaterials/DefaultPhysicalMaterial.uasset" 359
"../../../Engine/Content/BufferVisualization/AmbientOcclusion.uasset" 360
"../../../Engine/Content/BufferVisualization/BaseColor.uasset" 361
"../../../Engine/Content/BufferVisualization/CustomDepth.uasset" 362
"../../../Engine/Content/Functions/Engine_MaterialFunctions02/Utility/VectorLength.uasset" 363
"../../../Engine/Content/BufferVisualization/CustomDepthWorldUnits.uasset" 364
"../../../Engine/Content/Functions/Engine_MaterialFunctions01/Texturing/ScaleUVsByCenter.uasset" 365
"../../../Engine/Content/Functions/Engine_MaterialFunctions02/ScreenResolution.uasset" 366
"../../../Engine/Content/Functions/Engine_MaterialFunctions02/Texturing/ScreenAlignedUVs.uasset" 367
"../../../Engine/Content/Functions/Engine_MaterialFunctions02/Utility/MakeFloat2.uasset" 368
"../../../Engine/Content/Functions/Engine_MaterialFunctions02/Utility/MakeFloat3.uasset" 369
"../../../Engine/Content/EngineMaterials/MiniFont.uasset" 370
"../../../Engine/Content/BufferVisualization/CustomStencil.uasset" 371
"../../../Engine/Content/BufferVisualization/FinalImage.uasset" 372
"../../../Engine/Content/BufferVisualization/LightingModel.uasset" 373
"../../../Engine/Content/BufferVisualization/MaterialAO.uasset" 374
"../../../Engine/Content/BufferVisualization/Metallic.uasset" 375
"../../../Engine/Content/BufferVisualization/Opacity.uasset" 376
"../../../Engine/Content/BufferVisualization/PostTonemapHDRColor.uasset" 377
"../../../Engine/Content/BufferVisualization/PreTonemapHDRColor.uasset" 378
"../../../Engine/Content/BufferVisualization/Roughness.uasset" 379
"../../../Engine/Content/BufferVisualization/SceneColor.uasset" 380
"../../../Engine/Content/BufferVisualization/SceneDepth.uasset" 381
"../../../Engine/Content/BufferVisualization/SceneDepthWorldUnits.uasset" 382
"../../Plugins/2D/Paper2D/Content/PlaceholderTextures/DummySpriteTexture.uasset" 383
"../../Plugins/2D/Paper2D/Content/DummySprite.uasset" 384
"../../Plugins/2D/Paper2D/Content/DefaultPaperTerrainMaterial.uasset" 385
"../../Plugins/2D/Paper2D/Content/DefaultSpriteMaterial.uasset" 386
"../../Plugins/2D/Paper2D/Content/MaskedUnlitSpriteMaterial.uasset" 387
"../../Plugins/2D/Paper2D/Content/OpaqueUnlitSpriteMaterial.uasset" 388
"../../Plugins/Media/MediaCompositing/Content/DefaultMediaPlaneTexture.uasset" 389
"../../Plugins/Media/MediaCompositing/Content/DefaultMediaPlaneMaterial.uasset" 390
"../../../Engine/Content/Functions/Engine_MaterialFunctions02/Utility/MakeFloat4.uasset" 391
"../../Plugins/Runtime/AppleARKit/Content/ARKitCameraMaterial.uasset" 392
"../../Plugins/Runtime/Oculus/OculusVR/Content/Textures/GearVRController_AO.uasset" 393
"../../Plugins/Runtime/Oculus/OculusVR/Content/Textures/GearVRController_Color.uasset" 394
"../../Plugins/Runtime/Oculus/OculusVR/Content/Textures/GearVRController_Normal.uasset" 395
"../../Plugins/Runtime/Oculus/OculusVR/Content/Materials/GearVRControllerMaterial.uasset" 396
"../../Plugins/Runtime/Oculus/OculusVR/Content/Meshes/GearVrController.uasset" 397
"../../../Engine/Content/Maps/Entry.umap" 398
"C:/Users/Andrew/Documents/Repos/KS2_MultiTest/Content/VRExpansion/Vive/Testing/Button/Green.uasset" 399
"C:/Users/Andrew/Documents/Repos/KS2_MultiTest/Content/VRExpansion/Vive/Testing/Button/Button_Mat_Inst.uasset" 400
"C:/Users/Andrew/Documents/Repos/KS2_MultiTest/Content/VRExpansion/Vive/Testing/Button/ButtonTop.uasset" 401
"C:/Users/Andrew/Documents/Repos/KS2_MultiTest/Content/VRExpansion/Vive/Testing/Button/ColorChangingButtonComponent.uasset" 402
"C:/Users/Andrew/Documents/Repos/KS2_MultiTest/Content/VRExpansion/Vive/Testing/Button/EButtonType.uasset" 403
"C:/Users/Andrew/Documents/Repos/KS2_MultiTest/Content/VRExpansion/Vive/Testing/Button/ButtonComponent.uasset" 404
"C:/Users/Andrew/Documents/Repos/KS2_MultiTest/Content/VRExpansion/Vive/Testing/Keyboard/SpecialKeyType.uasset" 405
"C:/Users/Andrew/Documents/Repos/KS2_MultiTest/Content/VRExpansion/Vive/Testing/Keyboard/BaseKeyboardKey.uasset" 406
"C:/Users/Andrew/Documents/Repos/KS2_MultiTest/Content/VRExpansion/Vive/Testing/Keyboard/KeyboardKeyTableRow.uasset" 407
"C:/Users/Andrew/Documents/Repos/KS2_MultiTest/Content/Floogen/Geometry/Meshes/CubeMaterial.uasset" 408
"C:/Users/Andrew/Documents/Repos/KS2_MultiTest/Content/Floogen/Geometry/Meshes/1M_Cube.uasset" 409
"C:/Users/Andrew/Documents/Repos/KS2_MultiTest/Content/VRExpansion/Vive/Testing/Keyboard/3DKeyboardKey.uasset" 410
"C:/Users/Andrew/Documents/Repos/KS2_MultiTest/Content/VRExpansion/Vive/Testing/Keyboard/3DKeyboard.uasset" 411
"C:/Users/Andrew/Documents/Repos/KS2_MultiTest/Content/VRExpansion/Vive/Testing/Keyboard/KeyboardDataTable.uasset" 412
"C:/Users/Andrew/Documents/Repos/KS2_MultiTest/Content/VRExpansion/Vive/Testing/Keyboard/TextKeyboardKey.uasset" 413
"C:/Users/Andrew/Documents/Repos/KS2_MultiTest/Content/VRExpansion/Vive/Testing/Keyboard/2DKeyboard.uasset" 414
"C:/Users/Andrew/Documents/Repos/KS2_MultiTest/Content/VRExpansion/FirstPerson/FPWeapon/Materials/MaterialLayers/T_ML_Rubber_Blue_01_D.uasset" 415
"C:/Users/Andrew/Documents/Repos/KS2_MultiTest/Content/VRExpansion/Vive/Testing/VRConsoleMaterial.uasset" 416
"../../../Engine/Content/EngineMaterials/Widget3DPassThrough_Masked.uasset" 417
"../../../Engine/Content/BasicShapes/Plane.uasset" 418
"C:/Users/Andrew/Documents/Repos/KS2_MultiTest/Content/VRExpansion/Vive/Testing/Button/Gray.uasset" 419
"C:/Users/Andrew/Documents/Repos/KS2_MultiTest/Content/VRExpansion/Vive/Testing/Button/ButtonBase.uasset" 420
"C:/Users/Andrew/Documents/Repos/KS2_MultiTest/Content/VRExpansion/Vive/Testing/Lever/Gray.uasset" 421
"C:/Users/Andrew/Documents/Repos/KS2_MultiTest/Content/VRExpansion/Vive/Testing/Lever/Green.uasset" 422
"C:/Users/Andrew/Documents/Repos/KS2_MultiTest/Content/VRExpansion/Vive/Testing/Lever/LeverTop.uasset" 423
"C:/Users/Andrew/Documents/Repos/KS2_MultiTest/Content/VRExpansion/Vive/Testing/ConsoleOutput.uasset" 424
"../../../Engine/Content/VREditor/Sounds/UI/Camera_Shutter.uasset" 425
"C:/Users/Andrew/Documents/Repos/KS2_MultiTest/Content/Floogen/Geometry/Textures/SM_Glowstick_M_GlowStick_BaseColor.uasset" 426
"C:/Users/Andrew/Documents/Repos/KS2_MultiTest/Content/Floogen/Geometry/Textures/SM_Glowstick_M_GlowStick_Emissive.uasset" 427
"C:/Users/Andrew/Documents/Repos/KS2_MultiTest/Content/Floogen/Geometry/Textures/SM_Glowstick_M_GlowStick_Normal.uasset" 428
"C:/Users/Andrew/Documents/Repos/KS2_MultiTest/Content/Floogen/Geometry/Textures/SM_Glowstick_M_GlowStick_OcclusionRoughnessMetallic.uasset" 429
"C:/Users/Andrew/Documents/Repos/KS2_MultiTest/Content/Floogen/Geometry/Textures/M_ControlPoint.uasset" 430
"C:/Users/Andrew/Documents/Repos/KS2_MultiTest/Content/Floogen/Geometry/SM_Glowstick_Cylinder001.uasset" 431
"C:/Users/Andrew/Documents/Repos/KS2_MultiTest/Content/Floogen/BP/Base_Grippable.uasset" 432
"../../../Engine/Content/EditorBlueprintResources/ActorMacros.uasset" 433
"C:/Users/Andrew/Documents/Repos/KS2_MultiTest/Content/Ks2_Proto/BP/Paint/CapSettings.uasset" 434
"C:/Users/Andrew/Documents/Repos/KS2_MultiTest/Content/Ks2_Proto/BP/Paint/CanSprayData.uasset" 435
"C:/Users/Andrew/Documents/Repos/KS2_MultiTest/Content/Ks2_Proto/BP/Paint/PaintInterface.uasset" 436
"C:/Users/Andrew/Documents/Repos/KS2_MultiTest/Content/Ks2_Proto/Art/BrushTextures/Converted/SplattyCap.uasset" 437
"C:/Users/Andrew/Documents/Repos/KS2_MultiTest/Content/Ks2_Proto/Art/BrushTextures/Converted/SprayPaint_NYFat01.uasset" 438
"C:/Users/Andrew/Documents/Repos/KS2_MultiTest/Content/Ks2_Proto/Art/BrushTextures/Converted/SprayPaint_PinkDot01.uasset" 439
"C:/Users/Andrew/Documents/Repos/KS2_MultiTest/Content/Ks2_Proto/Art/BrushTextures/Converted/SprayPaint_Universal01.uasset" 440
"C:/Users/Andrew/Documents/Repos/KS2_MultiTest/Content/Ks2_Proto/Art/BrushTextures/Converted/TestCap.uasset" 441
"C:/Users/Andrew/Documents/Repos/KS2_MultiTest/Content/Ks2_Proto/Art/BrushTextures/SprayPaintBrush.uasset" 442
"C:/Users/Andrew/Documents/Repos/KS2_MultiTest/Content/Ks2_Proto/BP/Paint/CapLibrary.uasset" 443
"../../../Engine/Content/BasicShapes/BasicShapeMaterial.uasset" 444
"C:/Users/Andrew/Documents/Repos/KS2_MultiTest/Content/Ks2_Proto/Art/Particles/M_SprayParticle.uasset" 445
"../../../Engine/Content/EngineResources/Black.uasset" 446
"C:/Users/Andrew/Documents/Repos/KS2_MultiTest/Content/Ks2_Proto/BP/Paint/BrushPreview.uasset" 447
"C:/Users/Andrew/Documents/Repos/KS2_MultiTest/Content/Ks2_Proto/BP/Paint/CapColor.uasset" 448
"C:/Users/Andrew/Documents/Repos/KS2_MultiTest/Content/Ks2_Proto/Art/BrushTextures/PinkDotBrush2.uasset" 449
"C:/Users/Andrew/Documents/Repos/KS2_MultiTest/Content/Ks2_Proto/Art/Particles/CanSprayParticles.uasset" 450
"C:/Users/Andrew/Documents/Repos/KS2_MultiTest/Content/Ks2_Proto/Art/SprayCan_MultiObject.uasset" 451
"C:/Users/Andrew/Documents/Repos/KS2_MultiTest/Content/Ks2_Proto/Audio/spray_loop.uasset" 452
"C:/Users/Andrew/Documents/Repos/KS2_MultiTest/Content/Ks2_Proto/Audio/SprayCan_Atten.uasset" 453
"C:/Users/Andrew/Documents/Repos/KS2_MultiTest/Content/Ks2_Proto/Audio/spray_loop_Cue.uasset" 454
"C:/Users/Andrew/Documents/Repos/KS2_MultiTest/Content/Ks2_Proto/BP/Paint/Base_PaintCan.uasset" 455
"../../../Engine/Content/EngineSky/C_Sky_Cloud_Color.uasset" 456
"../../../Engine/Content/EngineSky/C_Sky_Horizon_Color.uasset" 457
"../../../Engine/Content/EngineSky/C_Sky_Zenith_Color.uasset" 458
"../../../Engine/Content/EngineSky/T_Sky_Blue.uasset" 459
"../../../Engine/Content/EngineSky/T_Sky_Clouds_M.uasset" 460
"../../../Engine/Content/EngineSky/T_Sky_Stars.uasset" 461
"../../../Engine/Content/EngineSky/M_Sky_Panning_Clouds2.uasset" 462
"../../../Engine/Content/EngineSky/SM_SkySphere.uasset" 463
"../../../Engine/Content/EngineSky/BP_Sky_Sphere.uasset" 464
"C:/Users/Andrew/Documents/Repos/KS2_MultiTest/Content/Floogen/BP/GlowStick.uasset" 465
"C:/Users/Andrew/Documents/Repos/KS2_MultiTest/Content/Ks2_Proto/BP/Paint/PaintingFuncLibrary.uasset" 466
"C:/Users/Andrew/Documents/Repos/KS2_MultiTest/Content/Ks2_Proto/BP/Paint/CapPressureCurve.uasset" 467
"../../../Engine/Content/Functions/Engine_MaterialFunctions02/Math/Pi.uasset" 468
"../../../Engine/Content/Functions/Engine_MaterialFunctions01/Shading/Spherical-Cap-Intersection.uasset" 469
"../../../Engine/Content/Functions/Engine_MaterialFunctions02/Math/InverseTransformMatrix.uasset" 470
"../../../Engine/Content/EngineMaterials/T_SphereShadow_RGBA_5-15-30-60deg.uasset" 471
"../../../Engine/Content/Functions/Engine_MaterialFunctions01/Shading/Ellipsoid-ConeShadow-Texture.uasset" 472
"C:/Users/Andrew/Documents/Repos/KS2_MultiTest/Content/Ks2_Proto/BP/Paint/BrushMaterial.uasset" 473
"C:/Users/Andrew/Documents/Repos/KS2_MultiTest/Content/Ks2_Proto/BP/Paint/BrushMetalMaterial.uasset" 474
"C:/Users/Andrew/Documents/Repos/KS2_MultiTest/Content/Ks2_Proto/BP/Paint/BrushOpacityMaterial.uasset" 475
"C:/Users/Andrew/Documents/Repos/KS2_MultiTest/Content/Ks2_Proto/BP/Paint/BrushRoughMaterial.uasset" 476
"../../../Engine/Content/Functions/Engine_MaterialFunctions02/Math/TimeWithSpeedVariable.uasset" 477
"../../../Engine/Content/Functions/MaterialLayerFunctions/MatLayerBlend_OverrideBaseColor.uasset" 478
"../../../Engine/Content/Functions/MaterialLayerFunctions/MatLayerBlend_ReplaceNormals.uasset" 479
"../../../Engine/Content/Functions/MaterialLayerFunctions/MatLayerBlend_RoughnessOverride.uasset" 480
"../../../Engine/Content/Functions/MaterialLayerFunctions/MatLayerBlend_Standard.uasset" 481
"C:/Users/Andrew/Documents/Repos/KS2_MultiTest/Content/Ks2_Proto/BP/Paint/PaintMatFunc.uasset" 482
"../../../Engine/Content/EngineResources/Black_Low.uasset" 483
"C:/Users/Andrew/Documents/Repos/KS2_MultiTest/Content/Ks2_Proto/Art/Substances/Worn_Plaster__INST_basecolor.uasset" 484
"C:/Users/Andrew/Documents/Repos/KS2_MultiTest/Content/Ks2_Proto/Art/Substances/Worn_Plaster__INST_metallic.uasset" 485
"C:/Users/Andrew/Documents/Repos/KS2_MultiTest/Content/Ks2_Proto/Art/Substances/Worn_Plaster__INST_normal.uasset" 486
"C:/Users/Andrew/Documents/Repos/KS2_MultiTest/Content/Ks2_Proto/Art/Substances/Worn_Plaster__INST_roughness.uasset" 487
"C:/Users/Andrew/Documents/Repos/KS2_MultiTest/Content/Ks2_Proto/Art/Substances/Worn_Plaster__MAT.uasset" 488
"C:/Users/Andrew/Documents/Repos/KS2_MultiTest/Content/Ks2_Proto/Art/Substances/plaster_worn.uasset" 489
"C:/Users/Andrew/Documents/Repos/KS2_MultiTest/Content/Ks2_Proto/Art/Substances/Worn_Plaster__INST.uasset" 490
"C:/Users/Andrew/Documents/Repos/KS2_MultiTest/Content/Ks2_Proto/Art/Substances/Worn_Plaster__INST_ambient_occlusion.uasset" 491
"C:/Users/Andrew/Documents/Repos/KS2_MultiTest/Content/Ks2_Proto/Art/Substances/Worn_Plaster__INST_height.uasset" 492
"C:/Users/Andrew/Documents/Repos/KS2_MultiTest/Content/Ks2_Proto/Art/Substances/Worn_Plaster__INST_specular.uasset" 493
"C:/Users/Andrew/Documents/Repos/KS2_MultiTest/Content/Ks2_Proto/BP/Paint/PaintMaterial.uasset" 494
"../../../Engine/Content/ArtTools/RenderToTexture/Textures/127grey.uasset" 495
"C:/Users/Andrew/Documents/Repos/KS2_MultiTest/Content/Ks2_Proto/BP/Paint/TexturePreviewMat.uasset" 496
"C:/Users/Andrew/Documents/Repos/KS2_MultiTest/Content/Ks2_Proto/Art/BasicWall4X6.uasset" 497
"C:/Users/Andrew/Documents/Repos/KS2_MultiTest/Content/Ks2_Proto/BP/SimplePaint/BasicPaintSurface.uasset" 498
"C:/Users/Andrew/Documents/Repos/KS2_MultiTest/Content/VirtualReality/Materials/M_BaseMaterial.uasset" 499
"C:/Users/Andrew/Documents/Repos/KS2_MultiTest/Content/VirtualReality/Materials/MI_SmallCubes.uasset" 500
"C:/Users/Andrew/Documents/Repos/KS2_MultiTest/Content/VirtualRealityBP/Blueprints/BP_PickupCube.uasset" 501
"C:/Users/Andrew/Documents/Repos/KS2_MultiTest/Content/VRExpansion/FirstPersonBP/FirstPerson/Meshes/BaseMaterial.uasset" 502
"C:/Users/Andrew/Documents/Repos/KS2_MultiTest/Content/VRExpansion/FirstPersonBP/FirstPerson/Meshes/FirstPersonProjectileMaterial.uasset" 503
"C:/Users/Andrew/Documents/Repos/KS2_MultiTest/Content/VRExpansion/DrawerBase/temp_desk.uasset" 504
"C:/Users/Andrew/Documents/Repos/KS2_MultiTest/Content/VRExpansion/DrawerBase/temp_desk_drawer1.uasset" 505
"C:/Users/Andrew/Documents/Repos/KS2_MultiTest/Content/VRExpansion/DrawerBase/temp_desk_drawer2.uasset" 506
"C:/Users/Andrew/Documents/Repos/KS2_MultiTest/Content/VRExpansion/DrawerBase/DrawerBaseActor.uasset" 507
"C:/Users/Andrew/Documents/Repos/KS2_MultiTest/Content/VRExpansion/FirstPerson/Door/woodteak.uasset" 508
"C:/Users/Andrew/Documents/Repos/KS2_MultiTest/Content/VRExpansion/FirstPerson/Door/wood.uasset" 509
"C:/Users/Andrew/Documents/Repos/KS2_MultiTest/Content/VRExpansion/FirstPerson/Door/door1_aldoor.uasset" 510
"C:/Users/Andrew/Documents/Repos/KS2_MultiTest/Content/VRExpansion/FirstPerson/Door/glas.uasset" 511
"C:/Users/Andrew/Documents/Repos/KS2_MultiTest/Content/VRExpansion/FirstPerson/Door/wood2.uasset" 512
"C:/Users/Andrew/Documents/Repos/KS2_MultiTest/Content/VRExpansion/FirstPerson/Door/door1_door.uasset" 513
"C:/Users/Andrew/Documents/Repos/KS2_MultiTest/Content/VRExpansion/FirstPerson/Door/DoorActor.uasset" 514
"C:/Users/Andrew/Documents/Repos/KS2_MultiTest/Content/VRExpansion/FirstPerson/SliderMenu/ConsoleCommandSliderActor.uasset" 515
"C:/Users/Andrew/Documents/Repos/KS2_MultiTest/Content/VRExpansion/FirstPersonBP/FirstPerson/Meshes/FirstPersonProjectileMesh.uasset" 516
"C:/Users/Andrew/Documents/Repos/KS2_MultiTest/Content/VRExpansion/FirstPersonBP/FirstPersonBP/Blueprints/FirstPersonProjectile.uasset" 517
"C:/Users/Andrew/Documents/Repos/KS2_MultiTest/Content/VirtualReality/Meshes/1x1_cube.uasset" 518
"../../../Engine/Content/Functions/Engine_MaterialFunctions02/Utility/BlendAngleCorrectedNormals.uasset" 519
"../../../Engine/Content/Functions/MaterialLayerFunctions/MatLayerBlend_NormalBlend.uasset" 520
"../../../Engine/Content/Functions/MaterialLayerFunctions/MatLayerBlend_Simple.uasset" 521
"C:/Users/Andrew/Documents/Repos/KS2_MultiTest/Content/VRExpansion/FirstPerson/FPWeapon/Materials/MaterialLayers/T_ML_Rubber_Blue_01_N.uasset" 522
"C:/Users/Andrew/Documents/Repos/KS2_MultiTest/Content/VRExpansion/FirstPerson/FPWeapon/Materials/MaterialLayers/ML_GlossyBlack_Latex_UE4.uasset" 523
"C:/Users/Andrew/Documents/Repos/KS2_MultiTest/Content/VRExpansion/FirstPerson/FPWeapon/Materials/MaterialLayers/ML_Plastic_Shiny_Beige.uasset" 524
"C:/Users/Andrew/Documents/Repos/KS2_MultiTest/Content/VRExpansion/FirstPerson/FPWeapon/Materials/MaterialLayers/ML_Screen.uasset" 525
"C:/Users/Andrew/Documents/Repos/KS2_MultiTest/Content/VRExpansion/FirstPerson/FPWeapon/Materials/MaterialLayers/T_ML_Aluminum01.uasset" 526
"C:/Users/Andrew/Documents/Repos/KS2_MultiTest/Content/VRExpansion/FirstPerson/FPWeapon/Materials/MaterialLayers/T_ML_Aluminum01_N.uasset" 527
"C:/Users/Andrew/Documents/Repos/KS2_MultiTest/Content/VRExpansion/FirstPerson/FPWeapon/Materials/MaterialLayers/ML_SoftMetal_UE4.uasset" 528
"C:/Users/Andrew/Documents/Repos/KS2_MultiTest/Content/VRExpansion/FirstPerson/FPWeapon/Textures/T_FPGun_M.uasset" 529
"C:/Users/Andrew/Documents/Repos/KS2_MultiTest/Content/VRExpansion/FirstPerson/FPWeapon/Textures/T_FPGun_N.uasset" 530
"C:/Users/Andrew/Documents/Repos/KS2_MultiTest/Content/VRExpansion/FirstPerson/FPWeapon/Materials/M_FPGun.uasset" 531
"C:/Users/Andrew/Documents/Repos/KS2_MultiTest/Content/VRExpansion/FirstPerson/FPWeapon/SK_FPGun.uasset" 532
"C:/Users/Andrew/Documents/Repos/KS2_MultiTest/Content/VRExpansion/FirstPersonBP/FirstPerson/Audio/FirstPersonTemplateWeaponFire02.uasset" 533
"C:/Users/Andrew/Documents/Repos/KS2_MultiTest/Content/VRExpansion/Guns/GunBase.uasset" 534
"C:/Users/Andrew/Documents/Repos/KS2_MultiTest/Content/VRExpansion/Potion/PotionMat.uasset" 535
"C:/Users/Andrew/Documents/Repos/KS2_MultiTest/Content/VRExpansion/Potion/Potion.uasset" 536
"C:/Users/Andrew/Documents/Repos/KS2_MultiTest/Content/VRExpansion/Potion/Stopper.uasset" 537
"C:/Users/Andrew/Documents/Repos/KS2_MultiTest/Content/VRExpansion/Potion/PotionActor.uasset" 538
"C:/Users/Andrew/Documents/Repos/KS2_MultiTest/Content/VRExpansion/Vive/ServerInfo.uasset" 539
"C:/Users/Andrew/Documents/Repos/KS2_MultiTest/Content/VRExpansion/Vive/3DMenu.uasset" 540
"C:/Users/Andrew/Documents/Repos/KS2_MultiTest/Content/VRExpansion/Vive/3DMenuActor.uasset" 541
"C:/Users/Andrew/Documents/Repos/KS2_MultiTest/Content/VRExpansion/Vive/Gestures/VRGestures.uasset" 542
"../../../Engine/Content/Functions/Engine_MaterialFunctions02/Utility/CameraDirectionVector.uasset" 543
"../../../Engine/Content/Functions/Engine_MaterialFunctions02/Utility/DepthFromWorldPosition.uasset" 544
"C:/Users/Andrew/Documents/Repos/KS2_MultiTest/Content/VirtualReality/Materials/MF_OccludedPixels.uasset" 545
"../../../Engine/Content/EngineMaterials/Good64x64TilingNoiseHighFreq.uasset" 546
"C:/Users/Andrew/Documents/Repos/KS2_MultiTest/Content/VRExpansion/Vive/LaserBeamSplineMat.uasset" 547
"C:/Users/Andrew/Documents/Repos/KS2_MultiTest/Content/VirtualReality/Materials/TeleportMCP.uasset" 548
"C:/Users/Andrew/Documents/Repos/KS2_MultiTest/Content/VirtualReality/Materials/M_SplineArcMat.uasset" 549
"C:/Users/Andrew/Documents/Repos/KS2_MultiTest/Content/VirtualReality/Meshes/BeamMesh.uasset" 550
"C:/Users/Andrew/Documents/Repos/KS2_MultiTest/Content/VRExpansion/Vive/Gestures/GestureViewer.uasset" 551
"C:/Users/Andrew/Documents/Repos/KS2_MultiTest/Content/VRExpansion/Vive/Gestures/GestureWand.uasset" 552
"C:/Users/Andrew/Documents/Repos/KS2_MultiTest/Content/VirtualReality/Mannequin/Character/Mesh/MannequinHand_Right_Skeleton.uasset" 553
"C:/Users/Andrew/Documents/Repos/KS2_MultiTest/Content/VirtualReality/Mannequin/Animations/MannequinHand_Right_CanGrab.uasset" 554
"C:/Users/Andrew/Documents/Repos/KS2_MultiTest/Content/VirtualReality/Mannequin/Animations/MannequinHand_Right_Grab.uasset" 555
"C:/Users/Andrew/Documents/Repos/KS2_MultiTest/Content/VirtualReality/Mannequin/Animations/MannequinHand_Right_Open.uasset" 556
"C:/Users/Andrew/Documents/Repos/KS2_MultiTest/Content/VirtualReality/Mannequin/Animations/RightGrip_BS.uasset" 557
"C:/Users/Andrew/Documents/Repos/KS2_MultiTest/Content/VirtualRealityBP/Blueprints/GripEnum.uasset" 558
"C:/Users/Andrew/Documents/Repos/KS2_MultiTest/Content/VirtualReality/Mannequin/Animations/RightHand_AnimBP.uasset" 559
"C:/Users/Andrew/Documents/Repos/KS2_MultiTest/Content/VirtualReality/Materials/M_ArcEndpoint.uasset" 560
"C:/Users/Andrew/Documents/Repos/KS2_MultiTest/Content/VirtualReality/Materials/M_TeleportPreviews.uasset" 561
"C:/Users/Andrew/Documents/Repos/KS2_MultiTest/Content/VirtualReality/Materials/MI_ChaperoneOutline.uasset" 562
"C:/Users/Andrew/Documents/Repos/KS2_MultiTest/Content/VirtualReality/Materials/MI_TeleportCylinderPreview.uasset" 563
"../../../Engine/Content/BasicShapes/Cylinder.uasset" 564
"../../../Engine/Content/BasicShapes/Sphere.uasset" 565
"C:/Users/Andrew/Documents/Repos/KS2_MultiTest/Content/VirtualReality/Meshes/BeaconDirection.uasset" 566
"C:/Users/Andrew/Documents/Repos/KS2_MultiTest/Content/VirtualReality/Meshes/SM_FatCylinder.uasset" 567
"C:/Users/Andrew/Documents/Repos/KS2_MultiTest/Content/VRExpansion/Vive/BP_Teleport_Controller.uasset" 568
"../../../Engine/Content/Functions/Engine_MaterialFunctions02/Math/MakeVectorsOrthogonal.uasset" 569
"../../../Engine/Content/Functions/Engine_MaterialFunctions02/Math/Transform3x3Matrix.uasset" 570
"../../../Engine/Content/Functions/Engine_MaterialFunctions02/Utility/CameraVectorWithWPOOptions.uasset" 571
"../../../Engine/Content/Functions/Engine_MaterialFunctions02/WorldPositionOffset/ComponentPivotLocation.uasset" 572
"../../../Engine/Content/Functions/Engine_MaterialFunctions02/WorldPositionOffset/ObjectScale.uasset" 573
"../../../Engine/Content/Functions/Engine_MaterialFunctions02/WorldPositionOffset/AlignMeshToTheCamera.uasset" 574
"C:/Users/Andrew/Documents/Repos/KS2_MultiTest/Content/VRExpansion/FirstPersonBP/Blueprints/DefaultTextMaterialOpaque2.uasset" 575
"C:/Users/Andrew/Documents/Repos/KS2_MultiTest/Content/VRExpansion/Vive/BasicShapeMaterialTrans.uasset" 576
"C:/Users/Andrew/Documents/Repos/KS2_MultiTest/Content/VRExpansion/Vive/VRDeviceMaterial.uasset" 577
"C:/Users/Andrew/Documents/Repos/KS2_MultiTest/Content/VirtualReality/Mannequin/Character/Textures/UE4_Mannequin__normals.uasset" 578
"C:/Users/Andrew/Documents/Repos/KS2_MultiTest/Content/VirtualReality/Mannequin/Character/Textures/UE4_Mannequin_MAT_MASKA.uasset" 579
"C:/Users/Andrew/Documents/Repos/KS2_MultiTest/Content/VirtualReality/Mannequin/Character/Materials/M_HandMat.uasset" 580
"C:/Users/Andrew/Documents/Repos/KS2_MultiTest/Content/VirtualReality/Mannequin/Character/Mesh/MannequinHand_Right_PhysicsAsset.uasset" 581
"C:/Users/Andrew/Documents/Repos/KS2_MultiTest/Content/VirtualReality/Mannequin/Character/Mesh/MannequinHand_Right.uasset" 582
"C:/Users/Andrew/Documents/Repos/KS2_MultiTest/Content/VRExpansion/Vive/MovementMode.uasset" 583
"C:/Users/Andrew/Documents/Repos/KS2_MultiTest/Content/VRExpansion/Vive/VOIPAtten.uasset" 584
"C:/Users/Andrew/Documents/Repos/KS2_MultiTest/Content/VRExpansion/Vive/Vive_PawnCharacter.uasset" 585
"C:/Users/Andrew/Documents/Repos/KS2_MultiTest/Content/VRExpansion/Vive/FPS_VivePawnCharacter.uasset" 586
"C:/Users/Andrew/Documents/Repos/KS2_MultiTest/Content/VRExpansion/Vive/Steam_VR_Player_Controller.uasset" 587
"C:/Users/Andrew/Documents/Repos/KS2_MultiTest/Content/VRExpansion/Vive/SteamVR_GM.uasset" 588
"C:/Users/Andrew/Documents/Repos/KS2_MultiTest/Content/VRExpansion/Vive/Testing/Button/ElectricalObject.uasset" 589
"C:/Users/Andrew/Documents/Repos/KS2_MultiTest/Content/VRExpansion/Vive/Testing/Button/ButtonActor.uasset" 590
"C:/Users/Andrew/Documents/Repos/KS2_MultiTest/Content/VRExpansion/Vive/Testing/Cabinet/Lime.uasset" 591
"C:/Users/Andrew/Documents/Repos/KS2_MultiTest/Content/VRExpansion/Vive/Testing/Cabinet/Gray.uasset" 592
"C:/Users/Andrew/Documents/Repos/KS2_MultiTest/Content/VRExpansion/Vive/Testing/Cabinet/Green.uasset" 593
"C:/Users/Andrew/Documents/Repos/KS2_MultiTest/Content/VRExpansion/Vive/Testing/Cabinet/CabinetBase.uasset" 594
"C:/Users/Andrew/Documents/Repos/KS2_MultiTest/Content/VRExpansion/Vive/Testing/Cabinet/CabinetDoor.uasset" 595
"C:/Users/Andrew/Documents/Repos/KS2_MultiTest/Content/VRExpansion/Vive/Testing/Cabinet/Cabinet.uasset" 596
"C:/Users/Andrew/Documents/Repos/KS2_MultiTest/Content/VRExpansion/Vive/Testing/Car/Vehicle/Sedan/Sedan_Skeleton.uasset" 597
"C:/Users/Andrew/Documents/Repos/KS2_MultiTest/Content/VRExpansion/Vive/Testing/Car/Vehicle/Sedan/Sedan_AnimBP.uasset" 598
"C:/Users/Andrew/Documents/Repos/KS2_MultiTest/Content/VRExpansion/Vive/Testing/Car/VehicleBP/Sedan/Sedan_BackWheel.uasset" 599
"C:/Users/Andrew/Documents/Repos/KS2_MultiTest/Content/VRExpansion/Vive/Testing/Car/VehicleBP/Sedan/Sedan_FrontWheel.uasset" 600
"C:/Users/Andrew/Documents/Repos/KS2_MultiTest/Content/VRExpansion/Vive/Testing/Car/VehicleBP/Sedan/ThrottleLever.uasset" 601
"../../../Engine/Content/EngineMaterials/AntiAliasedTextMaterialTranslucent.uasset" 602
"C:/Users/Andrew/Documents/Repos/KS2_MultiTest/Content/VRExpansion/Vive/Testing/Car/Vehicle/Sedan/Materials/M_Vehicle_Sedan.uasset" 603
"C:/Users/Andrew/Documents/Repos/KS2_MultiTest/Content/VRExpansion/Vive/Testing/Car/Vehicle/Sedan/Materials/M_Vehicle_Sedan_Inst_Glass.uasset" 604
"C:/Users/Andrew/Documents/Repos/KS2_MultiTest/Content/VRExpansion/Vive/Testing/Car/Vehicle/Sedan/Materials/M_Vehicle_Sedan_Inst_Headlights.uasset" 605
"C:/Users/Andrew/Documents/Repos/KS2_MultiTest/Content/VRExpansion/Vive/Testing/Car/Vehicle/Sedan/Materials/M_Vehicle_Sedan_Inst_Plastic.uasset" 606
"C:/Users/Andrew/Documents/Repos/KS2_MultiTest/Content/VRExpansion/Vive/Testing/Car/Vehicle/Sedan/Materials/M_Vehicle_Sedan_Inst_TailLights.uasset" 607
"C:/Users/Andrew/Documents/Repos/KS2_MultiTest/Content/VRExpansion/Vive/Testing/Car/Vehicle/Sedan/Materials/M_Vehicle_Sedan_Inst_Tires.uasset" 608
"C:/Users/Andrew/Documents/Repos/KS2_MultiTest/Content/VRExpansion/Vive/Testing/Car/Vehicle/Sedan/Materials/M_Vehicle_Sedan_Inst_Wheels.uasset" 609
"C:/Users/Andrew/Documents/Repos/KS2_MultiTest/Content/VRExpansion/Vive/Testing/Car/VehicleBP/Sedan/PassengerInfo.uasset" 610
"C:/Users/Andrew/Documents/Repos/KS2_MultiTest/Content/VRExpansion/Vive/Testing/Car/Vehicle/Sedan/Sedan_PhysMat.uasset" 611
"C:/Users/Andrew/Documents/Repos/KS2_MultiTest/Content/VRExpansion/Vive/Testing/Car/Vehicle/Sedan/Sedan_PhysicsAsset.uasset" 612
"C:/Users/Andrew/Documents/Repos/KS2_MultiTest/Content/VRExpansion/Vive/Testing/Car/Vehicle/Sedan/Sedan_SkelMesh.uasset" 613
"C:/Users/Andrew/Documents/Repos/KS2_MultiTest/Content/VRExpansion/Vive/Testing/Car/VehicleBP/Sedan/Turquoise.uasset" 614
"C:/Users/Andrew/Documents/Repos/KS2_MultiTest/Content/VRExpansion/Vive/Testing/Car/VehicleBP/Sedan/Yellow.uasset" 615
"C:/Users/Andrew/Documents/Repos/KS2_MultiTest/Content/VRExpansion/Vive/Testing/Car/VehicleBP/Sedan/SteeringWheel.uasset" 616
"C:/Users/Andrew/Documents/Repos/KS2_MultiTest/Content/VRExpansion/Vive/Testing/Car/VehicleBP/Sedan/Sedan.uasset" 617
"C:/Users/Andrew/Documents/Repos/KS2_MultiTest/Content/VRExpansion/Vive/Testing/ClimbWallActor.uasset" 618
"C:/Users/Andrew/Documents/Repos/KS2_MultiTest/Content/VRExpansion/Vive/Testing/DialIndicator/Green.uasset" 619
"C:/Users/Andrew/Documents/Repos/KS2_MultiTest/Content/VRExpansion/Vive/Testing/DialIndicator/DialIndicatorBase.uasset" 620
"C:/Users/Andrew/Documents/Repos/KS2_MultiTest/Content/VRExpansion/Vive/Testing/DialIndicator/Turquoise.uasset" 621
"C:/Users/Andrew/Documents/Repos/KS2_MultiTest/Content/VRExpansion/Vive/Testing/DialIndicator/DialIndicatorTop.uasset" 622
"C:/Users/Andrew/Documents/Repos/KS2_MultiTest/Content/VRExpansion/Vive/Testing/DialIndicator/NativeDialIndicator.uasset" 623
"C:/Users/Andrew/Documents/Repos/KS2_MultiTest/Content/VRExpansion/Vive/Testing/Lever/LeverBase.uasset" 624
"C:/Users/Andrew/Documents/Repos/KS2_MultiTest/Content/VRExpansion/Vive/Testing/Lever/NativeLeverActor.uasset" 625
"C:/Users/Andrew/Documents/Repos/KS2_MultiTest/Content/VRExpansion/Vive/Testing/Mirror/MirrorFeed.uasset" 626
"C:/Users/Andrew/Documents/Repos/KS2_MultiTest/Content/VRExpansion/Vive/Testing/Mirror/MirrorMat.uasset" 627
"C:/Users/Andrew/Documents/Repos/KS2_MultiTest/Content/VRExpansion/Vive/Testing/Mirror/MirrorActor.uasset" 628
"../../../Engine/Content/BasicShapes/Cube.uasset" 629
"C:/Users/Andrew/Documents/Repos/KS2_MultiTest/Content/VRExpansion/Vive/Testing/Rotator.uasset" 630
"C:/Users/Andrew/Documents/Repos/KS2_MultiTest/Content/Ks2_Proto/BP/Paint/PlasterWall_Paintable.uasset" 631
"C:/Users/Andrew/Documents/Repos/KS2_MultiTest/Content/Ks2_Proto/UIAssets/CapButton.uasset" 632
"C:/Users/Andrew/Documents/Repos/KS2_MultiTest/Content/Ks2_Proto/UIAssets/CapSlots.uasset" 633
"C:/Users/Andrew/Documents/Repos/KS2_MultiTest/Content/Ks2_Proto/BP/Paint/PaintCOlorData.uasset" 634
"C:/Users/Andrew/Documents/Repos/KS2_MultiTest/Content/Ks2_Proto/BP/Paint/ColorLibrary.uasset" 635
"C:/Users/Andrew/Documents/Repos/KS2_MultiTest/Content/Bowling/UI/Fonts/BEBAS.uasset" 636
"C:/Users/Andrew/Documents/Repos/KS2_MultiTest/Content/Bowling/UI/Fonts/BEBAS_Font.uasset" 637
"C:/Users/Andrew/Documents/Repos/KS2_MultiTest/Content/Ks2_Proto/UIAssets/ColorButton.uasset" 638
"C:/Users/Andrew/Documents/Repos/KS2_MultiTest/Content/Ks2_Proto/UIAssets/PaintColorSlots.uasset" 639
"C:/Users/Andrew/Documents/Repos/KS2_MultiTest/Content/Ks2_Proto/UIAssets/HandMenu.uasset" 640
"C:/Users/Andrew/Documents/Repos/KS2_MultiTest/Content/VRExpansion/Level/Floor_StaticMesh.uasset" 641
"C:/Users/Andrew/Documents/Repos/KS2_MultiTest/Content/VRExpansion/Vive/Testing/Car/VehicleAdv/Materials/MasterSolidColor.uasset" 642
"C:/Users/Andrew/Documents/Repos/KS2_MultiTest/Content/VRExpansion/Vive/Testing/Car/VehicleAdv/Materials/MaterialInstances/SolidOrange.uasset" 643
"C:/Users/Andrew/Documents/Repos/KS2_MultiTest/Content/VRExpansion/Vive/Testing/Car/VehicleAdv/ArenaMesh/LoopBig.uasset" 644
"C:/Users/Andrew/Documents/Repos/KS2_MultiTest/Content/Ks2_Proto/Maps/WelcomeTest.umap" 645
"C:/Users/Andrew/Documents/Repos/KS2_MultiTest/Content/Maps/BasicMaps/BlankLevel_BuiltData.uasset" 646
"../../../Engine/Content/MapTemplates/SM_Template_Map_Floor.uasset" 647
"C:/Users/Andrew/Documents/Repos/KS2_MultiTest/Content/Maps/BasicMaps/BlankLevel.umap" 648
"C:/Users/Andrew/Documents/Repos/KS2_MultiTest/Content/Maps/BasicMaps/Lobby_BuiltData.uasset" 649
"C:/Users/Andrew/Documents/Repos/KS2_MultiTest/Content/Maps/BasicMaps/Lobby.umap" 650
"C:/Users/Andrew/Documents/Repos/KS2_MultiTest/Content/VirtualRealityBP/Maps/MotionControllerMap_BuiltData.uasset" 651
"C:/Users/Andrew/Documents/Repos/KS2_MultiTest/Content/VirtualRealityBP/Maps/MotionControllerMap.umap" 652
